<?xml version="1.0" encoding="UTF-8"?>
<testsuite xmlns:xsi="http://www.w3.org/2001/XMLSchema-instance" xsi:noNamespaceSchemaLocation="https://maven.apache.org/surefire/maven-surefire-plugin/xsd/surefire-test-report.xsd" name="com.automation.rest.test.RestAssuredTests" time="15.851" tests="11" errors="0" skipped="0" failures="0">
  <properties>
    <property name="sun.desktop" value="windows"/>
    <property name="awt.toolkit" value="sun.awt.windows.WToolkit"/>
    <property name="file.encoding.pkg" value="sun.io"/>
    <property name="java.specification.version" value="1.8"/>
    <property name="sun.cpu.isalist" value="amd64"/>
    <property name="sun.jnu.encoding" value="Cp1252"/>
    <property name="java.class.path" value="C:\Users\sergio.garcia\Documents\rest-assured\rest-assured\target\test-classes;C:\Users\sergio.garcia\Documents\rest-assured\rest-assured\target\classes;C:\Users\sergio.garcia\.m2\repository\org\testng\testng\6.8\testng-6.8.jar;C:\Users\sergio.garcia\.m2\repository\junit\junit\4.10\junit-4.10.jar;C:\Users\sergio.garcia\.m2\repository\org\beanshell\bsh\2.0b4\bsh-2.0b4.jar;C:\Users\sergio.garcia\.m2\repository\com\beust\jcommander\1.27\jcommander-1.27.jar;C:\Users\sergio.garcia\.m2\repository\org\yaml\snakeyaml\1.6\snakeyaml-1.6.jar;C:\Users\sergio.garcia\.m2\repository\io\rest-assured\rest-assured\3.0.6\rest-assured-3.0.6.jar;C:\Users\sergio.garcia\.m2\repository\org\codehaus\groovy\groovy\2.4.12\groovy-2.4.12.jar;C:\Users\sergio.garcia\.m2\repository\org\codehaus\groovy\groovy-xml\2.4.12\groovy-xml-2.4.12.jar;C:\Users\sergio.garcia\.m2\repository\org\apache\httpcomponents\httpclient\4.5.3\httpclient-4.5.3.jar;C:\Users\sergio.garcia\.m2\repository\org\apache\httpcomponents\httpcore\4.4.6\httpcore-4.4.6.jar;C:\Users\sergio.garcia\.m2\repository\commons-logging\commons-logging\1.2\commons-logging-1.2.jar;C:\Users\sergio.garcia\.m2\repository\commons-codec\commons-codec\1.9\commons-codec-1.9.jar;C:\Users\sergio.garcia\.m2\repository\org\apache\httpcomponents\httpmime\4.5.1\httpmime-4.5.1.jar;C:\Users\sergio.garcia\.m2\repository\org\hamcrest\hamcrest-core\1.3\hamcrest-core-1.3.jar;C:\Users\sergio.garcia\.m2\repository\org\hamcrest\hamcrest-library\1.3\hamcrest-library-1.3.jar;C:\Users\sergio.garcia\.m2\repository\org\ccil\cowan\tagsoup\tagsoup\1.2.1\tagsoup-1.2.1.jar;C:\Users\sergio.garcia\.m2\repository\io\rest-assured\json-path\3.0.6\json-path-3.0.6.jar;C:\Users\sergio.garcia\.m2\repository\org\codehaus\groovy\groovy-json\2.4.12\groovy-json-2.4.12.jar;C:\Users\sergio.garcia\.m2\repository\io\rest-assured\rest-assured-common\3.0.6\rest-assured-common-3.0.6.jar;C:\Users\sergio.garcia\.m2\repository\io\rest-assured\xml-path\3.0.6\xml-path-3.0.6.jar;C:\Users\sergio.garcia\.m2\repository\org\apache\commons\commons-lang3\3.4\commons-lang3-3.4.jar;C:\Users\sergio.garcia\.m2\repository\javax\xml\bind\jaxb-api\2.2.12\jaxb-api-2.2.12.jar;C:\Users\sergio.garcia\.m2\repository\io\rest-assured\json-schema-validator\3.0.6\json-schema-validator-3.0.6.jar;C:\Users\sergio.garcia\.m2\repository\com\github\fge\json-schema-validator\2.2.6\json-schema-validator-2.2.6.jar;C:\Users\sergio.garcia\.m2\repository\com\google\code\findbugs\jsr305\3.0.0\jsr305-3.0.0.jar;C:\Users\sergio.garcia\.m2\repository\joda-time\joda-time\2.3\joda-time-2.3.jar;C:\Users\sergio.garcia\.m2\repository\com\googlecode\libphonenumber\libphonenumber\6.2\libphonenumber-6.2.jar;C:\Users\sergio.garcia\.m2\repository\com\github\fge\json-schema-core\1.2.5\json-schema-core-1.2.5.jar;C:\Users\sergio.garcia\.m2\repository\com\github\fge\uri-template\0.9\uri-template-0.9.jar;C:\Users\sergio.garcia\.m2\repository\com\github\fge\msg-simple\1.1\msg-simple-1.1.jar;C:\Users\sergio.garcia\.m2\repository\com\github\fge\btf\1.2\btf-1.2.jar;C:\Users\sergio.garcia\.m2\repository\com\github\fge\jackson-coreutils\1.8\jackson-coreutils-1.8.jar;C:\Users\sergio.garcia\.m2\repository\com\fasterxml\jackson\core\jackson-databind\2.2.3\jackson-databind-2.2.3.jar;C:\Users\sergio.garcia\.m2\repository\com\fasterxml\jackson\core\jackson-annotations\2.2.3\jackson-annotations-2.2.3.jar;C:\Users\sergio.garcia\.m2\repository\com\fasterxml\jackson\core\jackson-core\2.2.3\jackson-core-2.2.3.jar;C:\Users\sergio.garcia\.m2\repository\org\mozilla\rhino\1.7R4\rhino-1.7R4.jar;C:\Users\sergio.garcia\.m2\repository\javax\mail\mailapi\1.4.3\mailapi-1.4.3.jar;C:\Users\sergio.garcia\.m2\repository\javax\activation\activation\1.1\activation-1.1.jar;C:\Users\sergio.garcia\.m2\repository\net\sf\jopt-simple\jopt-simple\4.6\jopt-simple-4.6.jar;C:\Users\sergio.garcia\.m2\repository\org\seleniumhq\selenium\selenium-java\2.48.2\selenium-java-2.48.2.jar;C:\Users\sergio.garcia\.m2\repository\org\seleniumhq\selenium\selenium-chrome-driver\2.48.2\selenium-chrome-driver-2.48.2.jar;C:\Users\sergio.garcia\.m2\repository\org\seleniumhq\selenium\selenium-remote-driver\2.48.2\selenium-remote-driver-2.48.2.jar;C:\Users\sergio.garcia\.m2\repository\cglib\cglib-nodep\2.1_3\cglib-nodep-2.1_3.jar;C:\Users\sergio.garcia\.m2\repository\com\google\code\gson\gson\2.3.1\gson-2.3.1.jar;C:\Users\sergio.garcia\.m2\repository\org\seleniumhq\selenium\selenium-api\2.48.2\selenium-api-2.48.2.jar;C:\Users\sergio.garcia\.m2\repository\com\google\guava\guava\18.0\guava-18.0.jar;C:\Users\sergio.garcia\.m2\repository\org\seleniumhq\selenium\selenium-edge-driver\2.48.2\selenium-edge-driver-2.48.2.jar;C:\Users\sergio.garcia\.m2\repository\commons-io\commons-io\2.4\commons-io-2.4.jar;C:\Users\sergio.garcia\.m2\repository\org\apache\commons\commons-exec\1.3\commons-exec-1.3.jar;C:\Users\sergio.garcia\.m2\repository\org\seleniumhq\selenium\selenium-htmlunit-driver\2.48.2\selenium-htmlunit-driver-2.48.2.jar;C:\Users\sergio.garcia\.m2\repository\net\sourceforge\htmlunit\htmlunit\2.18\htmlunit-2.18.jar;C:\Users\sergio.garcia\.m2\repository\xalan\xalan\2.7.2\xalan-2.7.2.jar;C:\Users\sergio.garcia\.m2\repository\xalan\serializer\2.7.2\serializer-2.7.2.jar;C:\Users\sergio.garcia\.m2\repository\commons-collections\commons-collections\3.2.1\commons-collections-3.2.1.jar;C:\Users\sergio.garcia\.m2\repository\net\sourceforge\htmlunit\htmlunit-core-js\2.17\htmlunit-core-js-2.17.jar;C:\Users\sergio.garcia\.m2\repository\xerces\xercesImpl\2.11.0\xercesImpl-2.11.0.jar;C:\Users\sergio.garcia\.m2\repository\xml-apis\xml-apis\1.4.01\xml-apis-1.4.01.jar;C:\Users\sergio.garcia\.m2\repository\net\sourceforge\nekohtml\nekohtml\1.9.22\nekohtml-1.9.22.jar;C:\Users\sergio.garcia\.m2\repository\net\sourceforge\cssparser\cssparser\0.9.16\cssparser-0.9.16.jar;C:\Users\sergio.garcia\.m2\repository\org\w3c\css\sac\1.3\sac-1.3.jar;C:\Users\sergio.garcia\.m2\repository\org\eclipse\jetty\websocket\websocket-client\9.2.12.v20150709\websocket-client-9.2.12.v20150709.jar;C:\Users\sergio.garcia\.m2\repository\org\eclipse\jetty\jetty-util\9.2.12.v20150709\jetty-util-9.2.12.v20150709.jar;C:\Users\sergio.garcia\.m2\repository\org\eclipse\jetty\jetty-io\9.2.12.v20150709\jetty-io-9.2.12.v20150709.jar;C:\Users\sergio.garcia\.m2\repository\org\eclipse\jetty\websocket\websocket-common\9.2.12.v20150709\websocket-common-9.2.12.v20150709.jar;C:\Users\sergio.garcia\.m2\repository\org\eclipse\jetty\websocket\websocket-api\9.2.12.v20150709\websocket-api-9.2.12.v20150709.jar;C:\Users\sergio.garcia\.m2\repository\org\seleniumhq\selenium\selenium-firefox-driver\2.48.2\selenium-firefox-driver-2.48.2.jar;C:\Users\sergio.garcia\.m2\repository\org\seleniumhq\selenium\selenium-ie-driver\2.48.2\selenium-ie-driver-2.48.2.jar;C:\Users\sergio.garcia\.m2\repository\net\java\dev\jna\jna\4.1.0\jna-4.1.0.jar;C:\Users\sergio.garcia\.m2\repository\net\java\dev\jna\jna-platform\4.1.0\jna-platform-4.1.0.jar;C:\Users\sergio.garcia\.m2\repository\org\seleniumhq\selenium\selenium-safari-driver\2.48.2\selenium-safari-driver-2.48.2.jar;C:\Users\sergio.garcia\.m2\repository\org\seleniumhq\selenium\selenium-support\2.48.2\selenium-support-2.48.2.jar;C:\Users\sergio.garcia\.m2\repository\org\webbitserver\webbit\0.4.14\webbit-0.4.14.jar;C:\Users\sergio.garcia\.m2\repository\io\netty\netty\3.5.2.Final\netty-3.5.2.Final.jar;C:\Users\sergio.garcia\.m2\repository\org\seleniumhq\selenium\selenium-leg-rc\2.48.2\selenium-leg-rc-2.48.2.jar;C:\Users\sergio.garcia\.m2\repository\org\apache\maven\surefire\surefire-testng-utils\2.21.0\surefire-testng-utils-2.21.0.jar;C:\Users\sergio.garcia\.m2\repository\org\apache\maven\surefire\surefire-grouper\2.21.0\surefire-grouper-2.21.0.jar;"/>
    <property name="java.vm.vendor" value="Oracle Corporation"/>
    <property name="sun.arch.data.model" value="64"/>
    <property name="user.variant" value=""/>
    <property name="java.vendor.url" value="http://java.oracle.com/"/>
    <property name="user.timezone" value=""/>
    <property name="java.vm.specification.version" value="1.8"/>
    <property name="os.name" value="Windows 10"/>
    <property name="user.country" value="US"/>
    <property name="sun.java.launcher" value="SUN_STANDARD"/>
    <property name="sun.boot.library.path" value="C:\Program Files\Java\jdk1.8.0_161\jre\bin"/>
    <property name="sun.java.command" value="C:\Users\SERGIO~1.GAR\AppData\Local\Temp\surefire3239195565216031843\surefirebooter4287567646189529338.jar C:\Users\sergio.garcia\AppData\Local\Temp\surefire3239195565216031843 2018-04-04T16-43-56_648-jvmRun1 surefire9042393389909162248tmp surefire_05150109503859652501tmp"/>
    <property name="surefire.test.class.path" value="C:\Users\sergio.garcia\Documents\rest-assured\rest-assured\target\test-classes;C:\Users\sergio.garcia\Documents\rest-assured\rest-assured\target\classes;C:\Users\sergio.garcia\.m2\repository\org\testng\testng\6.8\testng-6.8.jar;C:\Users\sergio.garcia\.m2\repository\junit\junit\4.10\junit-4.10.jar;C:\Users\sergio.garcia\.m2\repository\org\beanshell\bsh\2.0b4\bsh-2.0b4.jar;C:\Users\sergio.garcia\.m2\repository\com\beust\jcommander\1.27\jcommander-1.27.jar;C:\Users\sergio.garcia\.m2\repository\org\yaml\snakeyaml\1.6\snakeyaml-1.6.jar;C:\Users\sergio.garcia\.m2\repository\io\rest-assured\rest-assured\3.0.6\rest-assured-3.0.6.jar;C:\Users\sergio.garcia\.m2\repository\org\codehaus\groovy\groovy\2.4.12\groovy-2.4.12.jar;C:\Users\sergio.garcia\.m2\repository\org\codehaus\groovy\groovy-xml\2.4.12\groovy-xml-2.4.12.jar;C:\Users\sergio.garcia\.m2\repository\org\apache\httpcomponents\httpclient\4.5.3\httpclient-4.5.3.jar;C:\Users\sergio.garcia\.m2\repository\org\apache\httpcomponents\httpcore\4.4.6\httpcore-4.4.6.jar;C:\Users\sergio.garcia\.m2\repository\commons-logging\commons-logging\1.2\commons-logging-1.2.jar;C:\Users\sergio.garcia\.m2\repository\commons-codec\commons-codec\1.9\commons-codec-1.9.jar;C:\Users\sergio.garcia\.m2\repository\org\apache\httpcomponents\httpmime\4.5.1\httpmime-4.5.1.jar;C:\Users\sergio.garcia\.m2\repository\org\hamcrest\hamcrest-core\1.3\hamcrest-core-1.3.jar;C:\Users\sergio.garcia\.m2\repository\org\hamcrest\hamcrest-library\1.3\hamcrest-library-1.3.jar;C:\Users\sergio.garcia\.m2\repository\org\ccil\cowan\tagsoup\tagsoup\1.2.1\tagsoup-1.2.1.jar;C:\Users\sergio.garcia\.m2\repository\io\rest-assured\json-path\3.0.6\json-path-3.0.6.jar;C:\Users\sergio.garcia\.m2\repository\org\codehaus\groovy\groovy-json\2.4.12\groovy-json-2.4.12.jar;C:\Users\sergio.garcia\.m2\repository\io\rest-assured\rest-assured-common\3.0.6\rest-assured-common-3.0.6.jar;C:\Users\sergio.garcia\.m2\repository\io\rest-assured\xml-path\3.0.6\xml-path-3.0.6.jar;C:\Users\sergio.garcia\.m2\repository\org\apache\commons\commons-lang3\3.4\commons-lang3-3.4.jar;C:\Users\sergio.garcia\.m2\repository\javax\xml\bind\jaxb-api\2.2.12\jaxb-api-2.2.12.jar;C:\Users\sergio.garcia\.m2\repository\io\rest-assured\json-schema-validator\3.0.6\json-schema-validator-3.0.6.jar;C:\Users\sergio.garcia\.m2\repository\com\github\fge\json-schema-validator\2.2.6\json-schema-validator-2.2.6.jar;C:\Users\sergio.garcia\.m2\repository\com\google\code\findbugs\jsr305\3.0.0\jsr305-3.0.0.jar;C:\Users\sergio.garcia\.m2\repository\joda-time\joda-time\2.3\joda-time-2.3.jar;C:\Users\sergio.garcia\.m2\repository\com\googlecode\libphonenumber\libphonenumber\6.2\libphonenumber-6.2.jar;C:\Users\sergio.garcia\.m2\repository\com\github\fge\json-schema-core\1.2.5\json-schema-core-1.2.5.jar;C:\Users\sergio.garcia\.m2\repository\com\github\fge\uri-template\0.9\uri-template-0.9.jar;C:\Users\sergio.garcia\.m2\repository\com\github\fge\msg-simple\1.1\msg-simple-1.1.jar;C:\Users\sergio.garcia\.m2\repository\com\github\fge\btf\1.2\btf-1.2.jar;C:\Users\sergio.garcia\.m2\repository\com\github\fge\jackson-coreutils\1.8\jackson-coreutils-1.8.jar;C:\Users\sergio.garcia\.m2\repository\com\fasterxml\jackson\core\jackson-databind\2.2.3\jackson-databind-2.2.3.jar;C:\Users\sergio.garcia\.m2\repository\com\fasterxml\jackson\core\jackson-annotations\2.2.3\jackson-annotations-2.2.3.jar;C:\Users\sergio.garcia\.m2\repository\com\fasterxml\jackson\core\jackson-core\2.2.3\jackson-core-2.2.3.jar;C:\Users\sergio.garcia\.m2\repository\org\mozilla\rhino\1.7R4\rhino-1.7R4.jar;C:\Users\sergio.garcia\.m2\repository\javax\mail\mailapi\1.4.3\mailapi-1.4.3.jar;C:\Users\sergio.garcia\.m2\repository\javax\activation\activation\1.1\activation-1.1.jar;C:\Users\sergio.garcia\.m2\repository\net\sf\jopt-simple\jopt-simple\4.6\jopt-simple-4.6.jar;C:\Users\sergio.garcia\.m2\repository\org\seleniumhq\selenium\selenium-java\2.48.2\selenium-java-2.48.2.jar;C:\Users\sergio.garcia\.m2\repository\org\seleniumhq\selenium\selenium-chrome-driver\2.48.2\selenium-chrome-driver-2.48.2.jar;C:\Users\sergio.garcia\.m2\repository\org\seleniumhq\selenium\selenium-remote-driver\2.48.2\selenium-remote-driver-2.48.2.jar;C:\Users\sergio.garcia\.m2\repository\cglib\cglib-nodep\2.1_3\cglib-nodep-2.1_3.jar;C:\Users\sergio.garcia\.m2\repository\com\google\code\gson\gson\2.3.1\gson-2.3.1.jar;C:\Users\sergio.garcia\.m2\repository\org\seleniumhq\selenium\selenium-api\2.48.2\selenium-api-2.48.2.jar;C:\Users\sergio.garcia\.m2\repository\com\google\guava\guava\18.0\guava-18.0.jar;C:\Users\sergio.garcia\.m2\repository\org\seleniumhq\selenium\selenium-edge-driver\2.48.2\selenium-edge-driver-2.48.2.jar;C:\Users\sergio.garcia\.m2\repository\commons-io\commons-io\2.4\commons-io-2.4.jar;C:\Users\sergio.garcia\.m2\repository\org\apache\commons\commons-exec\1.3\commons-exec-1.3.jar;C:\Users\sergio.garcia\.m2\repository\org\seleniumhq\selenium\selenium-htmlunit-driver\2.48.2\selenium-htmlunit-driver-2.48.2.jar;C:\Users\sergio.garcia\.m2\repository\net\sourceforge\htmlunit\htmlunit\2.18\htmlunit-2.18.jar;C:\Users\sergio.garcia\.m2\repository\xalan\xalan\2.7.2\xalan-2.7.2.jar;C:\Users\sergio.garcia\.m2\repository\xalan\serializer\2.7.2\serializer-2.7.2.jar;C:\Users\sergio.garcia\.m2\repository\commons-collections\commons-collections\3.2.1\commons-collections-3.2.1.jar;C:\Users\sergio.garcia\.m2\repository\net\sourceforge\htmlunit\htmlunit-core-js\2.17\htmlunit-core-js-2.17.jar;C:\Users\sergio.garcia\.m2\repository\xerces\xercesImpl\2.11.0\xercesImpl-2.11.0.jar;C:\Users\sergio.garcia\.m2\repository\xml-apis\xml-apis\1.4.01\xml-apis-1.4.01.jar;C:\Users\sergio.garcia\.m2\repository\net\sourceforge\nekohtml\nekohtml\1.9.22\nekohtml-1.9.22.jar;C:\Users\sergio.garcia\.m2\repository\net\sourceforge\cssparser\cssparser\0.9.16\cssparser-0.9.16.jar;C:\Users\sergio.garcia\.m2\repository\org\w3c\css\sac\1.3\sac-1.3.jar;C:\Users\sergio.garcia\.m2\repository\org\eclipse\jetty\websocket\websocket-client\9.2.12.v20150709\websocket-client-9.2.12.v20150709.jar;C:\Users\sergio.garcia\.m2\repository\org\eclipse\jetty\jetty-util\9.2.12.v20150709\jetty-util-9.2.12.v20150709.jar;C:\Users\sergio.garcia\.m2\repository\org\eclipse\jetty\jetty-io\9.2.12.v20150709\jetty-io-9.2.12.v20150709.jar;C:\Users\sergio.garcia\.m2\repository\org\eclipse\jetty\websocket\websocket-common\9.2.12.v20150709\websocket-common-9.2.12.v20150709.jar;C:\Users\sergio.garcia\.m2\repository\org\eclipse\jetty\websocket\websocket-api\9.2.12.v20150709\websocket-api-9.2.12.v20150709.jar;C:\Users\sergio.garcia\.m2\repository\org\seleniumhq\selenium\selenium-firefox-driver\2.48.2\selenium-firefox-driver-2.48.2.jar;C:\Users\sergio.garcia\.m2\repository\org\seleniumhq\selenium\selenium-ie-driver\2.48.2\selenium-ie-driver-2.48.2.jar;C:\Users\sergio.garcia\.m2\repository\net\java\dev\jna\jna\4.1.0\jna-4.1.0.jar;C:\Users\sergio.garcia\.m2\repository\net\java\dev\jna\jna-platform\4.1.0\jna-platform-4.1.0.jar;C:\Users\sergio.garcia\.m2\repository\org\seleniumhq\selenium\selenium-safari-driver\2.48.2\selenium-safari-driver-2.48.2.jar;C:\Users\sergio.garcia\.m2\repository\org\seleniumhq\selenium\selenium-support\2.48.2\selenium-support-2.48.2.jar;C:\Users\sergio.garcia\.m2\repository\org\webbitserver\webbit\0.4.14\webbit-0.4.14.jar;C:\Users\sergio.garcia\.m2\repository\io\netty\netty\3.5.2.Final\netty-3.5.2.Final.jar;C:\Users\sergio.garcia\.m2\repository\org\seleniumhq\selenium\selenium-leg-rc\2.48.2\selenium-leg-rc-2.48.2.jar;C:\Users\sergio.garcia\.m2\repository\org\apache\maven\surefire\surefire-testng-utils\2.21.0\surefire-testng-utils-2.21.0.jar;C:\Users\sergio.garcia\.m2\repository\org\apache\maven\surefire\surefire-grouper\2.21.0\surefire-grouper-2.21.0.jar;"/>
    <property name="sun.cpu.endian" value="little"/>
    <property name="user.home" value="C:\Users\sergio.garcia"/>
    <property name="user.language" value="en"/>
    <property name="java.specification.vendor" value="Oracle Corporation"/>
    <property name="java.home" value="C:\Program Files\Java\jdk1.8.0_161\jre"/>
    <property name="basedir" value="C:\Users\sergio.garcia\Documents\rest-assured\rest-assured"/>
    <property name="file.separator" value="\"/>
    <property name="line.separator" value="&#10;"/>
    <property name="java.vm.specification.vendor" value="Oracle Corporation"/>
    <property name="java.specification.name" value="Java Platform API Specification"/>
    <property name="java.awt.graphicsenv" value="sun.awt.Win32GraphicsEnvironment"/>
    <property name="surefire.real.class.path" value="C:\Users\SERGIO~1.GAR\AppData\Local\Temp\surefire3239195565216031843\surefirebooter4287567646189529338.jar"/>
    <property name="sun.boot.class.path" value="C:\Program Files\Java\jdk1.8.0_161\jre\lib\resources.jar;C:\Program Files\Java\jdk1.8.0_161\jre\lib\rt.jar;C:\Program Files\Java\jdk1.8.0_161\jre\lib\sunrsasign.jar;C:\Program Files\Java\jdk1.8.0_161\jre\lib\jsse.jar;C:\Program Files\Java\jdk1.8.0_161\jre\lib\jce.jar;C:\Program Files\Java\jdk1.8.0_161\jre\lib\charsets.jar;C:\Program Files\Java\jdk1.8.0_161\jre\lib\jfr.jar;C:\Program Files\Java\jdk1.8.0_161\jre\classes"/>
    <property name="user.script" value=""/>
    <property name="sun.management.compiler" value="HotSpot 64-Bit Tiered Compilers"/>
    <property name="java.runtime.version" value="1.8.0_161-b12"/>
    <property name="user.name" value="sergio.garcia"/>
    <property name="path.separator" value=";"/>
    <property name="os.version" value="10.0"/>
    <property name="java.endorsed.dirs" value="C:\Program Files\Java\jdk1.8.0_161\jre\lib\endorsed"/>
    <property name="java.runtime.name" value="Java(TM) SE Runtime Environment"/>
    <property name="file.encoding" value="Cp1252"/>
    <property name="java.vm.name" value="Java HotSpot(TM) 64-Bit Server VM"/>
    <property name="localRepository" value="C:\Users\sergio.garcia\.m2\repository"/>
    <property name="java.vendor.url.bug" value="http://bugreport.sun.com/bugreport/"/>
    <property name="java.io.tmpdir" value="C:\Users\SERGIO~1.GAR\AppData\Local\Temp\"/>
    <property name="java.version" value="1.8.0_161"/>
    <property name="user.dir" value="C:\Users\sergio.garcia\Documents\rest-assured\rest-assured"/>
    <property name="os.arch" value="amd64"/>
    <property name="java.vm.specification.name" value="Java Virtual Machine Specification"/>
    <property name="java.awt.printerjob" value="sun.awt.windows.WPrinterJob"/>
    <property name="sun.os.patch.level" value=""/>
    <property name="java.library.path" value="C:\Program Files\Java\jdk1.8.0_161\jre\bin;C:\Windows\Sun\Java\bin;C:\Windows\system32;C:\Windows;C:\Program Files (x86)\Python36-32\Scripts\;C:\Program Files (x86)\Python36-32\;C:\ProgramData\Oracle\Java\javapath;C:\Windows\system32;C:\Windows;C:\Windows\System32\Wbem;C:\Windows\System32\WindowsPowerShell\v1.0\;C:\Program Files\TortoiseSVN\bin;C:\maven\bin;C:\Program Files\Git\cmd;C:\Program Files\Git\mingw64\bin;C:\Program Files\Git\usr\bin;C:\Users\sergio.garcia\AppData\Local\Microsoft\WindowsApps;C:\Users\sergio.garcia\AppData\Local\GitHubDesktop\bin;."/>
    <property name="java.vm.info" value="mixed mode"/>
    <property name="java.vendor" value="Oracle Corporation"/>
    <property name="java.vm.version" value="25.161-b12"/>
    <property name="java.ext.dirs" value="C:\Program Files\Java\jdk1.8.0_161\jre\lib\ext;C:\Windows\Sun\Java\lib\ext"/>
    <property name="sun.io.unicode.encoding" value="UnicodeLittle"/>
    <property name="java.class.version" value="52.0"/>
  </properties>
  <testcase name="getCommentsTest" classname="com.automation.rest.test.RestAssuredTests" time="1.714"/>
  <testcase name="postByIdTest" classname="com.automation.rest.test.RestAssuredTests" time="0.538"/>
  <testcase name="postByIdTest" classname="com.automation.rest.test.RestAssuredTests" time="0.185"/>
  <testcase name="postByIdTest" classname="com.automation.rest.test.RestAssuredTests" time="0.278"/>
  <testcase name="schemaValidationTest" classname="com.automation.rest.test.RestAssuredTests" time="0.667"/>
  <testcase name="schemaValidationTest" classname="com.automation.rest.test.RestAssuredTests" time="0.252"/>
  <testcase name="schemaValidationTest" classname="com.automation.rest.test.RestAssuredTests" time="0.199"/>
  <testcase name="schemaValidationTest" classname="com.automation.rest.test.RestAssuredTests" time="0.581"/>
  <testcase name="schemaValidationTest" classname="com.automation.rest.test.RestAssuredTests" time="0.158"/>
  <testcase name="schemaValidationTest" classname="com.automation.rest.test.RestAssuredTests" time="0.161"/>
  <testcase name="statusCodeValidation" classname="com.automation.rest.test.RestAssuredTests" time="10.884"/>
</testsuite>