<?xml version="1.0" encoding="UTF-8"?>
<!-- Generated by org.testng.reporters.JUnitReportReporter -->
<testsuite hostname="MX-IT01120" name="com.automation.rest.test.RestAssuredTests" tests="11" failures="0" timestamp="11 Apr 2018 21:46:21 GMT" time="6.418" errors="0">
  <testcase name="schemaValidationTest" time="0.205" classname="com.automation.rest.test.RestAssuredTests"/>
  <testcase name="schemaValidationTest" time="0.137" classname="com.automation.rest.test.RestAssuredTests"/>
  <testcase name="schemaValidationTest" time="0.126" classname="com.automation.rest.test.RestAssuredTests"/>
  <testcase name="postByIdTest" time="0.143" classname="com.automation.rest.test.RestAssuredTests"/>
  <testcase name="postByIdTest" time="0.498" classname="com.automation.rest.test.RestAssuredTests"/>
  <testcase name="getCommentsTest" time="1.775" classname="com.automation.rest.test.RestAssuredTests"/>
  <testcase name="postByIdTest" time="0.197" classname="com.automation.rest.test.RestAssuredTests"/>
  <testcase name="schemaValidationTest" time="0.461" classname="com.automation.rest.test.RestAssuredTests"/>
  <testcase name="statusCodeValidation" time="2.004" classname="com.automation.rest.test.RestAssuredTests"/>
  <testcase name="schemaValidationTest" time="0.125" classname="com.automation.rest.test.RestAssuredTests"/>
  <testcase name="schemaValidationTest" time="0.747" classname="com.automation.rest.test.RestAssuredTests"/>
</testsuite> <!-- com.automation.rest.test.RestAssuredTests -->
