<?xml version="1.0" encoding="UTF-8"?>
<!-- Generated by org.testng.reporters.JUnitReportReporter -->
<testsuite hostname="MX-IT01120" name="com.automation.rest.test.RestAssuredTests" tests="11" failures="0" timestamp="4 Apr 2018 22:39:54 GMT" time="7.190" errors="0">
  <testcase name="schemaValidationTest" time="0.254" classname="com.automation.rest.test.RestAssuredTests"/>
  <testcase name="schemaValidationTest" time="0.182" classname="com.automation.rest.test.RestAssuredTests"/>
  <testcase name="schemaValidationTest" time="0.161" classname="com.automation.rest.test.RestAssuredTests"/>
  <testcase name="postByIdTest" time="0.224" classname="com.automation.rest.test.RestAssuredTests"/>
  <testcase name="postByIdTest" time="0.673" classname="com.automation.rest.test.RestAssuredTests"/>
  <testcase name="getCommentsTest" time="1.818" classname="com.automation.rest.test.RestAssuredTests"/>
  <testcase name="postByIdTest" time="0.194" classname="com.automation.rest.test.RestAssuredTests"/>
  <testcase name="statusCodeValidation" time="2.325" classname="com.automation.rest.test.RestAssuredTests"/>
  <testcase name="schemaValidationTest" time="0.531" classname="com.automation.rest.test.RestAssuredTests"/>
  <testcase name="schemaValidationTest" time="0.195" classname="com.automation.rest.test.RestAssuredTests"/>
  <testcase name="schemaValidationTest" time="0.633" classname="com.automation.rest.test.RestAssuredTests"/>
</testsuite> <!-- com.automation.rest.test.RestAssuredTests -->
