<?xml version="1.0" encoding="UTF-8"?>
<!-- Generated by org.testng.reporters.JUnitReportReporter -->
<testsuite hostname="MX-IT01120" name="com.automation.rest.RestAssuredTests" tests="3" failures="0" timestamp="4 Apr 2018 18:14:58 GMT" time="2.332" errors="0">
  <testcase name="postByIdTest" time="0.234" classname="com.automation.rest.RestAssuredTests"/>
  <testcase name="postByIdTest" time="0.234" classname="com.automation.rest.RestAssuredTests"/>
  <testcase name="postByIdTest" time="1.864" classname="com.automation.rest.RestAssuredTests"/>
</testsuite> <!-- com.automation.rest.RestAssuredTests -->
