<?xml version="1.0" encoding="UTF-8"?>
<!-- Generated by org.testng.reporters.JUnitReportReporter -->
<testsuite hostname="MX-IT01120" name="com.automation.rest.test.RestAssuredTests" tests="11" failures="0" timestamp="11 Apr 2018 22:34:42 GMT" time="5.703" errors="0">
  <testcase name="postByIdTest" time="0.179" classname="com.automation.rest.test.RestAssuredTests"/>
  <testcase name="postByIdTest" time="0.574" classname="com.automation.rest.test.RestAssuredTests"/>
  <testcase name="schemaValidationTest" time="0.197" classname="com.automation.rest.test.RestAssuredTests"/>
  <testcase name="schemaValidationTest" time="0.508" classname="com.automation.rest.test.RestAssuredTests"/>
  <testcase name="schemaValidationTest" time="0.151" classname="com.automation.rest.test.RestAssuredTests"/>
  <testcase name="getCommentsTest" time="1.487" classname="com.automation.rest.test.RestAssuredTests"/>
  <testcase name="postByIdTest" time="0.160" classname="com.automation.rest.test.RestAssuredTests"/>
  <testcase name="statusCodeValidation" time="1.659" classname="com.automation.rest.test.RestAssuredTests"/>
  <testcase name="schemaValidationTest" time="0.515" classname="com.automation.rest.test.RestAssuredTests"/>
  <testcase name="schemaValidationTest" time="0.147" classname="com.automation.rest.test.RestAssuredTests"/>
  <testcase name="schemaValidationTest" time="0.126" classname="com.automation.rest.test.RestAssuredTests"/>
</testsuite> <!-- com.automation.rest.test.RestAssuredTests -->
