<?xml version="1.0" encoding="UTF-8"?>
<!-- Generated by org.testng.reporters.JUnitReportReporter -->
<testsuite hostname="MX-IT01120" name="com.automation.rest.test.RestAssuredTests" tests="11" failures="0" timestamp="4 Apr 2018 21:44:04 GMT" time="6.916" errors="0">
  <testcase name="schemaValidationTest" time="0.162" classname="com.automation.rest.test.RestAssuredTests"/>
  <testcase name="statusCodeValidation" time="2.182" classname="com.automation.rest.test.RestAssuredTests"/>
  <testcase name="postByIdTest" time="0.185" classname="com.automation.rest.test.RestAssuredTests"/>
  <testcase name="schemaValidationTest" time="0.581" classname="com.automation.rest.test.RestAssuredTests"/>
  <testcase name="schemaValidationTest" time="0.667" classname="com.automation.rest.test.RestAssuredTests"/>
  <testcase name="schemaValidationTest" time="0.159" classname="com.automation.rest.test.RestAssuredTests"/>
  <testcase name="postByIdTest" time="0.637" classname="com.automation.rest.test.RestAssuredTests"/>
  <testcase name="getCommentsTest" time="1.615" classname="com.automation.rest.test.RestAssuredTests"/>
  <testcase name="schemaValidationTest" time="0.252" classname="com.automation.rest.test.RestAssuredTests"/>
  <testcase name="postByIdTest" time="0.277" classname="com.automation.rest.test.RestAssuredTests"/>
  <testcase name="schemaValidationTest" time="0.199" classname="com.automation.rest.test.RestAssuredTests"/>
</testsuite> <!-- com.automation.rest.test.RestAssuredTests -->
